3 10 3 0 20 16 6 1 2 6 0 0 0 0 0
4 12 5 1 24 29 10 2 1 3 3 2 1 0 0
5 10 8 2 18 29 2 5 2 4 7 4 0 1 0
3 8 2 1 14 10 4 0 1 4 4 1 0 0 0
3 8 2 1 13 8 4 0 2 4 4 1 0 0 0
4 6 4 2 17 10 0 0 1 2 6 4 0 0 0
4 8 4 2 19 16 2 0 0 3 6 4 1 0 0
4 8 3 3 16 12 3 0 0 1 8 2 2 2 0
5 11 7 3 21 33 4 3 0 4 9 5 1 2 0
5 8 6 4 21 18 3 1 1 1 10 6 1 3 0
4 7 4 2 17 12 0 1 1 3 5 2 1 1 0
3 10 2 1 16 11 9 0 2 5 3 1 1 0 0
3 8 2 1 16 9 5 0 1 4 5 1 0 0 0
4 9 4 2 21 16 4 1 1 2 9 2 0 1 0
4 9 4 2 14 16 4 0 1 3 7 4 1 0 0
5 10 7 3 13 26 4 2 1 2 10 7 1 1 0
3 6 2 1 11 6 4 0 0 2 4 1 1 0 0
1 2 0 0 6 0 0 0 0 1 0 0 0 0 0
5 7 7 3 14 19 1 2 0 2 9 7 0 1 0
2 5 0 1 11 0 2 0 0 2 5 0 0 0 0
4 9 5 1 15 24 4 2 0 6 3 2 0 0 0
3 5 2 1 15 8 2 0 0 1 2 1 0 0 0
3 6 2 1 18 8 4 0 1 2 2 1 0 0 0
3 6 2 1 14 8 3 0 1 3 2 1 0 0 0
5 15 8 2 19 43 10 4 2 6 9 6 2 0 0
5 11 7 3 19 28 4 3 1 4 12 5 1 2 0
3 8 1 2 18 6 4 0 0 3 6 0 2 1 0
6 12 12 3 20 42 4 9 3 4 10 10 1 1 0
3 8 2 1 19 9 5 0 1 4 5 1 0 0 0
4 10 4 2 15 18 3 1 1 5 6 2 2 1 0
5 10 6 4 18 24 7 1 1 2 10 6 2 3 0
5 7 6 4 18 16 0 1 0 2 8 6 2 3 0
3 8 1 2 13 6 3 0 0 4 6 0 2 1 0
5 8 6 4 18 20 1 1 0 3 8 6 2 3 0
5 8 6 4 19 19 1 1 0 2 7 6 3 3 0
4 11 3 3 16 18 5 0 0 6 9 2 3 2 0
5 8 5 5 17 16 1 0 0 3 12 5 2 5 0
5 12 8 2 25 34 6 5 2 3 6 4 2 1 0
4 10 4 2 15 16 5 1 1 4 10 2 1 1 0
2 6 1 0 14 4 3 0 1 3 0 0 0 0 0
4 8 5 1 16 18 4 2 1 2 2 2 1 0 0
6 11 10 5 18 38 2 4 0 4 13 12 2 4 0
5 8 7 3 13 22 5 2 1 3 6 7 1 1 0
3 4 1 2 10 2 1 0 0 1 6 0 0 1 0
2 4 0 1 10 0 2 0 0 1 2 0 1 0 0
4 10 3 3 19 13 6 0 1 2 9 2 3 2 0
4 9 4 2 19 16 2 1 1 4 5 2 2 1 0
